[0.010s] Invoking command in '/home/parth-p-24/colcon_ws/build/my_robot_description': CMAKE_PREFIX_PATH=${CMAKE_PREFIX_PATH}:/home/parth-p-24/ros2_ws/install/launch_testing_examples:/home/parth-p-24/ros2_ws/install/examples_rclpy_pointcloud_publisher:/home/parth-p-24/ros2_ws/install/examples_rclpy_minimal_subscriber:/home/parth-p-24/ros2_ws/install/examples_rclpy_minimal_service:/home/parth-p-24/ros2_ws/install/examples_rclpy_minimal_publisher:/home/parth-p-24/ros2_ws/install/examples_rclpy_minimal_client:/home/parth-p-24/ros2_ws/install/examples_rclpy_minimal_action_server:/home/parth-p-24/ros2_ws/install/examples_rclpy_minimal_action_client:/home/parth-p-24/ros2_ws/install/examples_rclpy_guard_conditions:/home/parth-p-24/ros2_ws/install/examples_rclpy_executors:/opt/ros/humble /usr/bin/cmake --build /home/parth-p-24/colcon_ws/build/my_robot_description -- -j16 -l16
[0.099s] Invoked command in '/home/parth-p-24/colcon_ws/build/my_robot_description' returned '0': CMAKE_PREFIX_PATH=${CMAKE_PREFIX_PATH}:/home/parth-p-24/ros2_ws/install/launch_testing_examples:/home/parth-p-24/ros2_ws/install/examples_rclpy_pointcloud_publisher:/home/parth-p-24/ros2_ws/install/examples_rclpy_minimal_subscriber:/home/parth-p-24/ros2_ws/install/examples_rclpy_minimal_service:/home/parth-p-24/ros2_ws/install/examples_rclpy_minimal_publisher:/home/parth-p-24/ros2_ws/install/examples_rclpy_minimal_client:/home/parth-p-24/ros2_ws/install/examples_rclpy_minimal_action_server:/home/parth-p-24/ros2_ws/install/examples_rclpy_minimal_action_client:/home/parth-p-24/ros2_ws/install/examples_rclpy_guard_conditions:/home/parth-p-24/ros2_ws/install/examples_rclpy_executors:/opt/ros/humble /usr/bin/cmake --build /home/parth-p-24/colcon_ws/build/my_robot_description -- -j16 -l16
[0.110s] Invoking command in '/home/parth-p-24/colcon_ws/build/my_robot_description': CMAKE_PREFIX_PATH=${CMAKE_PREFIX_PATH}:/home/parth-p-24/ros2_ws/install/launch_testing_examples:/home/parth-p-24/ros2_ws/install/examples_rclpy_pointcloud_publisher:/home/parth-p-24/ros2_ws/install/examples_rclpy_minimal_subscriber:/home/parth-p-24/ros2_ws/install/examples_rclpy_minimal_service:/home/parth-p-24/ros2_ws/install/examples_rclpy_minimal_publisher:/home/parth-p-24/ros2_ws/install/examples_rclpy_minimal_client:/home/parth-p-24/ros2_ws/install/examples_rclpy_minimal_action_server:/home/parth-p-24/ros2_ws/install/examples_rclpy_minimal_action_client:/home/parth-p-24/ros2_ws/install/examples_rclpy_guard_conditions:/home/parth-p-24/ros2_ws/install/examples_rclpy_executors:/opt/ros/humble /usr/bin/cmake --install /home/parth-p-24/colcon_ws/build/my_robot_description
[0.118s] -- Install configuration: ""
[0.119s] -- Up-to-date: /home/parth-p-24/colcon_ws/install/my_robot_description/share/my_robot_description/urdf
[0.119s] -- Up-to-date: /home/parth-p-24/colcon_ws/install/my_robot_description/share/my_robot_description/urdf/robot.urdf.xacro
[0.119s] -- Up-to-date: /home/parth-p-24/colcon_ws/install/my_robot_description/share/my_robot_description/urdf/gazebo_control.xacro
[0.119s] -- Up-to-date: /home/parth-p-24/colcon_ws/install/my_robot_description/share/my_robot_description/urdf/my_robot.urdf
[0.119s] -- Up-to-date: /home/parth-p-24/colcon_ws/install/my_robot_description/share/my_robot_description/launch
[0.119s] -- Up-to-date: /home/parth-p-24/colcon_ws/install/my_robot_description/share/my_robot_description/launch/display.launch.py
[0.119s] -- Up-to-date: /home/parth-p-24/colcon_ws/install/my_robot_description/share/ament_index/resource_index/package_run_dependencies/my_robot_description
[0.119s] -- Up-to-date: /home/parth-p-24/colcon_ws/install/my_robot_description/share/ament_index/resource_index/parent_prefix_path/my_robot_description
[0.119s] -- Up-to-date: /home/parth-p-24/colcon_ws/install/my_robot_description/share/my_robot_description/environment/ament_prefix_path.sh
[0.119s] -- Up-to-date: /home/parth-p-24/colcon_ws/install/my_robot_description/share/my_robot_description/environment/ament_prefix_path.dsv
[0.119s] -- Up-to-date: /home/parth-p-24/colcon_ws/install/my_robot_description/share/my_robot_description/environment/path.sh
[0.120s] -- Up-to-date: /home/parth-p-24/colcon_ws/install/my_robot_description/share/my_robot_description/environment/path.dsv
[0.120s] -- Up-to-date: /home/parth-p-24/colcon_ws/install/my_robot_description/share/my_robot_description/local_setup.bash
[0.120s] -- Up-to-date: /home/parth-p-24/colcon_ws/install/my_robot_description/share/my_robot_description/local_setup.sh
[0.120s] -- Up-to-date: /home/parth-p-24/colcon_ws/install/my_robot_description/share/my_robot_description/local_setup.zsh
[0.120s] -- Up-to-date: /home/parth-p-24/colcon_ws/install/my_robot_description/share/my_robot_description/local_setup.dsv
[0.120s] -- Installing: /home/parth-p-24/colcon_ws/install/my_robot_description/share/my_robot_description/package.dsv
[0.120s] -- Up-to-date: /home/parth-p-24/colcon_ws/install/my_robot_description/share/ament_index/resource_index/packages/my_robot_description
[0.120s] -- Up-to-date: /home/parth-p-24/colcon_ws/install/my_robot_description/share/my_robot_description/cmake/my_robot_descriptionConfig.cmake
[0.120s] -- Up-to-date: /home/parth-p-24/colcon_ws/install/my_robot_description/share/my_robot_description/cmake/my_robot_descriptionConfig-version.cmake
[0.120s] -- Up-to-date: /home/parth-p-24/colcon_ws/install/my_robot_description/share/my_robot_description/package.xml
[0.122s] Invoked command in '/home/parth-p-24/colcon_ws/build/my_robot_description' returned '0': CMAKE_PREFIX_PATH=${CMAKE_PREFIX_PATH}:/home/parth-p-24/ros2_ws/install/launch_testing_examples:/home/parth-p-24/ros2_ws/install/examples_rclpy_pointcloud_publisher:/home/parth-p-24/ros2_ws/install/examples_rclpy_minimal_subscriber:/home/parth-p-24/ros2_ws/install/examples_rclpy_minimal_service:/home/parth-p-24/ros2_ws/install/examples_rclpy_minimal_publisher:/home/parth-p-24/ros2_ws/install/examples_rclpy_minimal_client:/home/parth-p-24/ros2_ws/install/examples_rclpy_minimal_action_server:/home/parth-p-24/ros2_ws/install/examples_rclpy_minimal_action_client:/home/parth-p-24/ros2_ws/install/examples_rclpy_guard_conditions:/home/parth-p-24/ros2_ws/install/examples_rclpy_executors:/opt/ros/humble /usr/bin/cmake --install /home/parth-p-24/colcon_ws/build/my_robot_description
