[0.088s] DEBUG:colcon:Command line arguments: ['/usr/bin/colcon', 'build']
[0.088s] DEBUG:colcon:Parsed command line arguments: Namespace(log_base=None, log_level=None, verb_name='build', build_base='build', install_base='install', merge_install=False, symlink_install=False, test_result_base=None, continue_on_error=False, executor='parallel', parallel_workers=16, event_handlers=None, ignore_user_meta=False, metas=['./colcon.meta'], base_paths=['.'], packages_ignore=None, packages_ignore_regex=None, paths=None, packages_up_to=None, packages_up_to_regex=None, packages_above=None, packages_above_and_dependencies=None, packages_above_depth=None, packages_select_by_dep=None, packages_skip_by_dep=None, packages_skip_up_to=None, packages_select_build_failed=False, packages_skip_build_finished=False, packages_select_test_failures=False, packages_skip_test_passed=False, packages_select=None, packages_skip=None, packages_select_regex=None, packages_skip_regex=None, packages_start=None, packages_end=None, allow_overriding=[], cmake_args=None, cmake_target=None, cmake_target_skip_unavailable=False, cmake_clean_cache=False, cmake_clean_first=False, cmake_force_configure=False, ament_cmake_args=None, catkin_cmake_args=None, catkin_skip_building_tests=False, verb_parser=<colcon_defaults.argument_parser.defaults.DefaultArgumentsDecorator object at 0x7834b59fe950>, verb_extension=<colcon_core.verb.build.BuildVerb object at 0x7834b5bbbf70>, main=<bound method BuildVerb.main of <colcon_core.verb.build.BuildVerb object at 0x7834b5bbbf70>>)
[0.187s] Level 1:colcon.colcon_core.package_discovery:discover_packages(colcon_meta) check parameters
[0.187s] Level 1:colcon.colcon_core.package_discovery:discover_packages(recursive) check parameters
[0.187s] Level 1:colcon.colcon_core.package_discovery:discover_packages(ignore) check parameters
[0.187s] Level 1:colcon.colcon_core.package_discovery:discover_packages(path) check parameters
[0.187s] Level 1:colcon.colcon_core.package_discovery:discover_packages(colcon_meta) discover
[0.187s] Level 1:colcon.colcon_core.package_discovery:discover_packages(recursive) discover
[0.187s] INFO:colcon.colcon_core.package_discovery:Crawling recursively for packages in '/home/parth-p-24/colcon_ws'
[0.187s] Level 1:colcon.colcon_core.package_identification:_identify(.) by extensions ['ignore', 'ignore_ament_install']
[0.187s] Level 1:colcon.colcon_core.package_identification:_identify(.) by extension 'ignore'
[0.187s] Level 1:colcon.colcon_core.package_identification:_identify(.) by extension 'ignore_ament_install'
[0.187s] Level 1:colcon.colcon_core.package_identification:_identify(.) by extensions ['colcon_pkg']
[0.187s] Level 1:colcon.colcon_core.package_identification:_identify(.) by extension 'colcon_pkg'
[0.187s] Level 1:colcon.colcon_core.package_identification:_identify(.) by extensions ['colcon_meta']
[0.187s] Level 1:colcon.colcon_core.package_identification:_identify(.) by extension 'colcon_meta'
[0.187s] Level 1:colcon.colcon_core.package_identification:_identify(.) by extensions ['ros']
[0.187s] Level 1:colcon.colcon_core.package_identification:_identify(.) by extension 'ros'
[0.194s] Level 1:colcon.colcon_core.package_identification:_identify(.) by extensions ['cmake', 'python']
[0.194s] Level 1:colcon.colcon_core.package_identification:_identify(.) by extension 'cmake'
[0.195s] Level 1:colcon.colcon_core.package_identification:_identify(.) by extension 'python'
[0.195s] Level 1:colcon.colcon_core.package_identification:_identify(.) by extensions ['python_setup_py']
[0.195s] Level 1:colcon.colcon_core.package_identification:_identify(.) by extension 'python_setup_py'
[0.195s] Level 1:colcon.colcon_core.package_identification:_identify(build) by extensions ['ignore', 'ignore_ament_install']
[0.195s] Level 1:colcon.colcon_core.package_identification:_identify(build) by extension 'ignore'
[0.195s] Level 1:colcon.colcon_core.package_identification:_identify(build) ignored
[0.195s] Level 1:colcon.colcon_core.package_identification:_identify(install) by extensions ['ignore', 'ignore_ament_install']
[0.195s] Level 1:colcon.colcon_core.package_identification:_identify(install) by extension 'ignore'
[0.195s] Level 1:colcon.colcon_core.package_identification:_identify(install) ignored
[0.195s] Level 1:colcon.colcon_core.package_identification:_identify(log) by extensions ['ignore', 'ignore_ament_install']
[0.195s] Level 1:colcon.colcon_core.package_identification:_identify(log) by extension 'ignore'
[0.195s] Level 1:colcon.colcon_core.package_identification:_identify(log) ignored
[0.195s] Level 1:colcon.colcon_core.package_identification:_identify(src) by extensions ['ignore', 'ignore_ament_install']
[0.195s] Level 1:colcon.colcon_core.package_identification:_identify(src) by extension 'ignore'
[0.195s] Level 1:colcon.colcon_core.package_identification:_identify(src) by extension 'ignore_ament_install'
[0.195s] Level 1:colcon.colcon_core.package_identification:_identify(src) by extensions ['colcon_pkg']
[0.195s] Level 1:colcon.colcon_core.package_identification:_identify(src) by extension 'colcon_pkg'
[0.195s] Level 1:colcon.colcon_core.package_identification:_identify(src) by extensions ['colcon_meta']
[0.195s] Level 1:colcon.colcon_core.package_identification:_identify(src) by extension 'colcon_meta'
[0.195s] Level 1:colcon.colcon_core.package_identification:_identify(src) by extensions ['ros']
[0.195s] Level 1:colcon.colcon_core.package_identification:_identify(src) by extension 'ros'
[0.195s] Level 1:colcon.colcon_core.package_identification:_identify(src) by extensions ['cmake', 'python']
[0.195s] Level 1:colcon.colcon_core.package_identification:_identify(src) by extension 'cmake'
[0.195s] Level 1:colcon.colcon_core.package_identification:_identify(src) by extension 'python'
[0.195s] Level 1:colcon.colcon_core.package_identification:_identify(src) by extensions ['python_setup_py']
[0.195s] Level 1:colcon.colcon_core.package_identification:_identify(src) by extension 'python_setup_py'
[0.195s] Level 1:colcon.colcon_core.package_identification:_identify(src/launch) by extensions ['ignore', 'ignore_ament_install']
[0.195s] Level 1:colcon.colcon_core.package_identification:_identify(src/launch) by extension 'ignore'
[0.195s] Level 1:colcon.colcon_core.package_identification:_identify(src/launch) by extension 'ignore_ament_install'
[0.195s] Level 1:colcon.colcon_core.package_identification:_identify(src/launch) by extensions ['colcon_pkg']
[0.195s] Level 1:colcon.colcon_core.package_identification:_identify(src/launch) by extension 'colcon_pkg'
[0.195s] Level 1:colcon.colcon_core.package_identification:_identify(src/launch) by extensions ['colcon_meta']
[0.195s] Level 1:colcon.colcon_core.package_identification:_identify(src/launch) by extension 'colcon_meta'
[0.195s] Level 1:colcon.colcon_core.package_identification:_identify(src/launch) by extensions ['ros']
[0.195s] Level 1:colcon.colcon_core.package_identification:_identify(src/launch) by extension 'ros'
[0.195s] Level 1:colcon.colcon_core.package_identification:_identify(src/launch) by extensions ['cmake', 'python']
[0.196s] Level 1:colcon.colcon_core.package_identification:_identify(src/launch) by extension 'cmake'
[0.196s] Level 1:colcon.colcon_core.package_identification:_identify(src/launch) by extension 'python'
[0.196s] Level 1:colcon.colcon_core.package_identification:_identify(src/launch) by extensions ['python_setup_py']
[0.196s] Level 1:colcon.colcon_core.package_identification:_identify(src/launch) by extension 'python_setup_py'
[0.196s] Level 1:colcon.colcon_core.package_identification:_identify(src/my_robot_description) by extensions ['ignore', 'ignore_ament_install']
[0.196s] Level 1:colcon.colcon_core.package_identification:_identify(src/my_robot_description) by extension 'ignore'
[0.196s] Level 1:colcon.colcon_core.package_identification:_identify(src/my_robot_description) by extension 'ignore_ament_install'
[0.196s] Level 1:colcon.colcon_core.package_identification:_identify(src/my_robot_description) by extensions ['colcon_pkg']
[0.196s] Level 1:colcon.colcon_core.package_identification:_identify(src/my_robot_description) by extension 'colcon_pkg'
[0.196s] Level 1:colcon.colcon_core.package_identification:_identify(src/my_robot_description) by extensions ['colcon_meta']
[0.196s] Level 1:colcon.colcon_core.package_identification:_identify(src/my_robot_description) by extension 'colcon_meta'
[0.196s] Level 1:colcon.colcon_core.package_identification:_identify(src/my_robot_description) by extensions ['ros']
[0.196s] Level 1:colcon.colcon_core.package_identification:_identify(src/my_robot_description) by extension 'ros'
[0.197s] DEBUG:colcon.colcon_core.package_identification:Package 'src/my_robot_description' with type 'ros.ament_cmake' and name 'my_robot_description'
[0.197s] Level 1:colcon.colcon_core.package_identification:_identify(src/scripts) by extensions ['ignore', 'ignore_ament_install']
[0.197s] Level 1:colcon.colcon_core.package_identification:_identify(src/scripts) by extension 'ignore'
[0.198s] Level 1:colcon.colcon_core.package_identification:_identify(src/scripts) by extension 'ignore_ament_install'
[0.198s] Level 1:colcon.colcon_core.package_identification:_identify(src/scripts) by extensions ['colcon_pkg']
[0.198s] Level 1:colcon.colcon_core.package_identification:_identify(src/scripts) by extension 'colcon_pkg'
[0.198s] Level 1:colcon.colcon_core.package_identification:_identify(src/scripts) by extensions ['colcon_meta']
[0.198s] Level 1:colcon.colcon_core.package_identification:_identify(src/scripts) by extension 'colcon_meta'
[0.198s] Level 1:colcon.colcon_core.package_identification:_identify(src/scripts) by extensions ['ros']
[0.198s] Level 1:colcon.colcon_core.package_identification:_identify(src/scripts) by extension 'ros'
[0.198s] Level 1:colcon.colcon_core.package_identification:_identify(src/scripts) by extensions ['cmake', 'python']
[0.198s] Level 1:colcon.colcon_core.package_identification:_identify(src/scripts) by extension 'cmake'
[0.198s] Level 1:colcon.colcon_core.package_identification:_identify(src/scripts) by extension 'python'
[0.198s] Level 1:colcon.colcon_core.package_identification:_identify(src/scripts) by extensions ['python_setup_py']
[0.198s] Level 1:colcon.colcon_core.package_identification:_identify(src/scripts) by extension 'python_setup_py'
[0.367s] DEBUG:colcon.colcon_core.package_identification:Package 'src/scripts' with type 'python' and name 'scripts'
[0.367s] Level 1:colcon.colcon_core.package_discovery:discover_packages(recursive) using defaults
[0.367s] Level 1:colcon.colcon_core.package_discovery:discover_packages(ignore) discover
[0.367s] Level 1:colcon.colcon_core.package_discovery:discover_packages(ignore) using defaults
[0.367s] Level 1:colcon.colcon_core.package_discovery:discover_packages(path) discover
[0.367s] Level 1:colcon.colcon_core.package_discovery:discover_packages(path) using defaults
[0.397s] Level 1:colcon.colcon_core.package_discovery:discover_packages(prefix_path) check parameters
[0.397s] Level 1:colcon.colcon_core.package_discovery:discover_packages(prefix_path) discover
[0.399s] DEBUG:colcon.colcon_installed_package_information.package_discovery:Found 22 installed packages in /home/parth-p-24/ros2_ws/install
[0.400s] DEBUG:colcon.colcon_installed_package_information.package_discovery:Found 300 installed packages in /opt/ros/humble
[0.401s] Level 1:colcon.colcon_core.package_discovery:discover_packages(prefix_path) using defaults
[0.424s] Level 5:colcon.colcon_core.verb:set package 'my_robot_description' build argument 'cmake_args' from command line to 'None'
[0.424s] Level 5:colcon.colcon_core.verb:set package 'my_robot_description' build argument 'cmake_target' from command line to 'None'
[0.424s] Level 5:colcon.colcon_core.verb:set package 'my_robot_description' build argument 'cmake_target_skip_unavailable' from command line to 'False'
[0.424s] Level 5:colcon.colcon_core.verb:set package 'my_robot_description' build argument 'cmake_clean_cache' from command line to 'False'
[0.424s] Level 5:colcon.colcon_core.verb:set package 'my_robot_description' build argument 'cmake_clean_first' from command line to 'False'
[0.424s] Level 5:colcon.colcon_core.verb:set package 'my_robot_description' build argument 'cmake_force_configure' from command line to 'False'
[0.424s] Level 5:colcon.colcon_core.verb:set package 'my_robot_description' build argument 'ament_cmake_args' from command line to 'None'
[0.424s] Level 5:colcon.colcon_core.verb:set package 'my_robot_description' build argument 'catkin_cmake_args' from command line to 'None'
[0.424s] Level 5:colcon.colcon_core.verb:set package 'my_robot_description' build argument 'catkin_skip_building_tests' from command line to 'False'
[0.424s] DEBUG:colcon.colcon_core.verb:Building package 'my_robot_description' with the following arguments: {'ament_cmake_args': None, 'build_base': '/home/parth-p-24/colcon_ws/build/my_robot_description', 'catkin_cmake_args': None, 'catkin_skip_building_tests': False, 'cmake_args': None, 'cmake_clean_cache': False, 'cmake_clean_first': False, 'cmake_force_configure': False, 'cmake_target': None, 'cmake_target_skip_unavailable': False, 'install_base': '/home/parth-p-24/colcon_ws/install/my_robot_description', 'merge_install': False, 'path': '/home/parth-p-24/colcon_ws/src/my_robot_description', 'symlink_install': False, 'test_result_base': None}
[0.424s] Level 5:colcon.colcon_core.verb:set package 'scripts' build argument 'cmake_args' from command line to 'None'
[0.424s] Level 5:colcon.colcon_core.verb:set package 'scripts' build argument 'cmake_target' from command line to 'None'
[0.424s] Level 5:colcon.colcon_core.verb:set package 'scripts' build argument 'cmake_target_skip_unavailable' from command line to 'False'
[0.424s] Level 5:colcon.colcon_core.verb:set package 'scripts' build argument 'cmake_clean_cache' from command line to 'False'
[0.424s] Level 5:colcon.colcon_core.verb:set package 'scripts' build argument 'cmake_clean_first' from command line to 'False'
[0.424s] Level 5:colcon.colcon_core.verb:set package 'scripts' build argument 'cmake_force_configure' from command line to 'False'
[0.424s] Level 5:colcon.colcon_core.verb:set package 'scripts' build argument 'ament_cmake_args' from command line to 'None'
[0.424s] Level 5:colcon.colcon_core.verb:set package 'scripts' build argument 'catkin_cmake_args' from command line to 'None'
[0.424s] Level 5:colcon.colcon_core.verb:set package 'scripts' build argument 'catkin_skip_building_tests' from command line to 'False'
[0.424s] DEBUG:colcon.colcon_core.verb:Building package 'scripts' with the following arguments: {'ament_cmake_args': None, 'build_base': '/home/parth-p-24/colcon_ws/build/scripts', 'catkin_cmake_args': None, 'catkin_skip_building_tests': False, 'cmake_args': None, 'cmake_clean_cache': False, 'cmake_clean_first': False, 'cmake_force_configure': False, 'cmake_target': None, 'cmake_target_skip_unavailable': False, 'install_base': '/home/parth-p-24/colcon_ws/install/scripts', 'merge_install': False, 'path': '/home/parth-p-24/colcon_ws/src/scripts', 'symlink_install': False, 'test_result_base': None}
[0.424s] INFO:colcon.colcon_core.executor:Executing jobs using 'parallel' executor
[0.426s] DEBUG:colcon.colcon_parallel_executor.executor.parallel:run_until_complete
[0.426s] INFO:colcon.colcon_ros.task.ament_cmake.build:Building ROS package in '/home/parth-p-24/colcon_ws/src/my_robot_description' with build type 'ament_cmake'
[0.426s] INFO:colcon.colcon_cmake.task.cmake.build:Building CMake package in '/home/parth-p-24/colcon_ws/src/my_robot_description'
[0.427s] INFO:colcon.colcon_core.plugin_system:Skipping extension 'colcon_core.shell.bat': Not used on non-Windows systems
[0.428s] INFO:colcon.colcon_core.shell:Skip shell extension 'powershell' for command environment: Not usable outside of PowerShell
[0.428s] DEBUG:colcon.colcon_core.shell:Skip shell extension 'dsv' for command environment
[0.431s] INFO:colcon.colcon_core.task.python.build:Building Python package in '/home/parth-p-24/colcon_ws/src/scripts'
[0.431s] INFO:colcon.colcon_core.shell:Skip shell extension 'powershell' for command environment: Not usable outside of PowerShell
[0.431s] DEBUG:colcon.colcon_core.shell:Skip shell extension 'dsv' for command environment
[0.437s] DEBUG:colcon.colcon_core.event_handler.log_command:Invoking command in '/home/parth-p-24/colcon_ws/build/my_robot_description': CMAKE_PREFIX_PATH=${CMAKE_PREFIX_PATH}:/home/parth-p-24/ros2_ws/install/launch_testing_examples:/home/parth-p-24/ros2_ws/install/examples_rclpy_pointcloud_publisher:/home/parth-p-24/ros2_ws/install/examples_rclpy_minimal_subscriber:/home/parth-p-24/ros2_ws/install/examples_rclpy_minimal_service:/home/parth-p-24/ros2_ws/install/examples_rclpy_minimal_publisher:/home/parth-p-24/ros2_ws/install/examples_rclpy_minimal_client:/home/parth-p-24/ros2_ws/install/examples_rclpy_minimal_action_server:/home/parth-p-24/ros2_ws/install/examples_rclpy_minimal_action_client:/home/parth-p-24/ros2_ws/install/examples_rclpy_guard_conditions:/home/parth-p-24/ros2_ws/install/examples_rclpy_executors:/opt/ros/humble /usr/bin/cmake --build /home/parth-p-24/colcon_ws/build/my_robot_description -- -j16 -l16
[0.628s] DEBUG:colcon.colcon_core.event_handler.log_command:Invoked command in '/home/parth-p-24/colcon_ws/build/my_robot_description' returned '0': CMAKE_PREFIX_PATH=${CMAKE_PREFIX_PATH}:/home/parth-p-24/ros2_ws/install/launch_testing_examples:/home/parth-p-24/ros2_ws/install/examples_rclpy_pointcloud_publisher:/home/parth-p-24/ros2_ws/install/examples_rclpy_minimal_subscriber:/home/parth-p-24/ros2_ws/install/examples_rclpy_minimal_service:/home/parth-p-24/ros2_ws/install/examples_rclpy_minimal_publisher:/home/parth-p-24/ros2_ws/install/examples_rclpy_minimal_client:/home/parth-p-24/ros2_ws/install/examples_rclpy_minimal_action_server:/home/parth-p-24/ros2_ws/install/examples_rclpy_minimal_action_client:/home/parth-p-24/ros2_ws/install/examples_rclpy_guard_conditions:/home/parth-p-24/ros2_ws/install/examples_rclpy_executors:/opt/ros/humble /usr/bin/cmake --build /home/parth-p-24/colcon_ws/build/my_robot_description -- -j16 -l16
[0.641s] DEBUG:colcon.colcon_core.event_handler.log_command:Invoking command in '/home/parth-p-24/colcon_ws/build/my_robot_description': CMAKE_PREFIX_PATH=${CMAKE_PREFIX_PATH}:/home/parth-p-24/ros2_ws/install/launch_testing_examples:/home/parth-p-24/ros2_ws/install/examples_rclpy_pointcloud_publisher:/home/parth-p-24/ros2_ws/install/examples_rclpy_minimal_subscriber:/home/parth-p-24/ros2_ws/install/examples_rclpy_minimal_service:/home/parth-p-24/ros2_ws/install/examples_rclpy_minimal_publisher:/home/parth-p-24/ros2_ws/install/examples_rclpy_minimal_client:/home/parth-p-24/ros2_ws/install/examples_rclpy_minimal_action_server:/home/parth-p-24/ros2_ws/install/examples_rclpy_minimal_action_client:/home/parth-p-24/ros2_ws/install/examples_rclpy_guard_conditions:/home/parth-p-24/ros2_ws/install/examples_rclpy_executors:/opt/ros/humble /usr/bin/cmake --install /home/parth-p-24/colcon_ws/build/my_robot_description
[0.652s] Level 1:colcon.colcon_core.environment:create_environment_scripts_only(my_robot_description)
[0.653s] DEBUG:colcon.colcon_core.event_handler.log_command:Invoked command in '/home/parth-p-24/colcon_ws/build/my_robot_description' returned '0': CMAKE_PREFIX_PATH=${CMAKE_PREFIX_PATH}:/home/parth-p-24/ros2_ws/install/launch_testing_examples:/home/parth-p-24/ros2_ws/install/examples_rclpy_pointcloud_publisher:/home/parth-p-24/ros2_ws/install/examples_rclpy_minimal_subscriber:/home/parth-p-24/ros2_ws/install/examples_rclpy_minimal_service:/home/parth-p-24/ros2_ws/install/examples_rclpy_minimal_publisher:/home/parth-p-24/ros2_ws/install/examples_rclpy_minimal_client:/home/parth-p-24/ros2_ws/install/examples_rclpy_minimal_action_server:/home/parth-p-24/ros2_ws/install/examples_rclpy_minimal_action_client:/home/parth-p-24/ros2_ws/install/examples_rclpy_guard_conditions:/home/parth-p-24/ros2_ws/install/examples_rclpy_executors:/opt/ros/humble /usr/bin/cmake --install /home/parth-p-24/colcon_ws/build/my_robot_description
[0.654s] Level 1:colcon.colcon_core.environment:checking '/home/parth-p-24/colcon_ws/install/my_robot_description' for CMake module files
[0.655s] Level 1:colcon.colcon_core.environment:checking '/home/parth-p-24/colcon_ws/install/my_robot_description' for CMake config files
[0.655s] Level 1:colcon.colcon_core.shell:create_environment_hook('my_robot_description', 'cmake_prefix_path')
[0.655s] INFO:colcon.colcon_core.shell:Creating environment hook '/home/parth-p-24/colcon_ws/install/my_robot_description/share/my_robot_description/hook/cmake_prefix_path.ps1'
[0.655s] INFO:colcon.colcon_core.shell:Creating environment descriptor '/home/parth-p-24/colcon_ws/install/my_robot_description/share/my_robot_description/hook/cmake_prefix_path.dsv'
[0.656s] INFO:colcon.colcon_core.shell:Creating environment hook '/home/parth-p-24/colcon_ws/install/my_robot_description/share/my_robot_description/hook/cmake_prefix_path.sh'
[0.656s] Level 1:colcon.colcon_core.environment:checking '/home/parth-p-24/colcon_ws/install/my_robot_description/bin'
[0.656s] Level 1:colcon.colcon_core.environment:checking '/home/parth-p-24/colcon_ws/install/my_robot_description/lib/pkgconfig/my_robot_description.pc'
[0.657s] Level 1:colcon.colcon_core.environment:checking '/home/parth-p-24/colcon_ws/install/my_robot_description/lib/python3.10/site-packages'
[0.657s] Level 1:colcon.colcon_core.environment:checking '/home/parth-p-24/colcon_ws/install/my_robot_description/bin'
[0.657s] INFO:colcon.colcon_core.shell:Creating package script '/home/parth-p-24/colcon_ws/install/my_robot_description/share/my_robot_description/package.ps1'
[0.658s] INFO:colcon.colcon_core.shell:Creating package descriptor '/home/parth-p-24/colcon_ws/install/my_robot_description/share/my_robot_description/package.dsv'
[0.658s] INFO:colcon.colcon_core.shell:Creating package script '/home/parth-p-24/colcon_ws/install/my_robot_description/share/my_robot_description/package.sh'
[0.659s] INFO:colcon.colcon_core.shell:Creating package script '/home/parth-p-24/colcon_ws/install/my_robot_description/share/my_robot_description/package.bash'
[0.659s] INFO:colcon.colcon_core.shell:Creating package script '/home/parth-p-24/colcon_ws/install/my_robot_description/share/my_robot_description/package.zsh'
[0.660s] Level 1:colcon.colcon_core.environment:create_file_with_runtime_dependencies(/home/parth-p-24/colcon_ws/install/my_robot_description/share/colcon-core/packages/my_robot_description)
[0.660s] Level 1:colcon.colcon_core.environment:create_environment_scripts_only(my_robot_description)
[0.661s] Level 1:colcon.colcon_core.environment:checking '/home/parth-p-24/colcon_ws/install/my_robot_description' for CMake module files
[0.661s] Level 1:colcon.colcon_core.environment:checking '/home/parth-p-24/colcon_ws/install/my_robot_description' for CMake config files
[0.661s] Level 1:colcon.colcon_core.shell:create_environment_hook('my_robot_description', 'cmake_prefix_path')
[0.661s] INFO:colcon.colcon_core.shell:Creating environment hook '/home/parth-p-24/colcon_ws/install/my_robot_description/share/my_robot_description/hook/cmake_prefix_path.ps1'
[0.662s] INFO:colcon.colcon_core.shell:Creating environment descriptor '/home/parth-p-24/colcon_ws/install/my_robot_description/share/my_robot_description/hook/cmake_prefix_path.dsv'
[0.662s] INFO:colcon.colcon_core.shell:Creating environment hook '/home/parth-p-24/colcon_ws/install/my_robot_description/share/my_robot_description/hook/cmake_prefix_path.sh'
[0.662s] Level 1:colcon.colcon_core.environment:checking '/home/parth-p-24/colcon_ws/install/my_robot_description/bin'
[0.662s] Level 1:colcon.colcon_core.environment:checking '/home/parth-p-24/colcon_ws/install/my_robot_description/lib/pkgconfig/my_robot_description.pc'
[0.663s] Level 1:colcon.colcon_core.environment:checking '/home/parth-p-24/colcon_ws/install/my_robot_description/lib/python3.10/site-packages'
[0.663s] Level 1:colcon.colcon_core.environment:checking '/home/parth-p-24/colcon_ws/install/my_robot_description/bin'
[0.663s] INFO:colcon.colcon_core.shell:Creating package script '/home/parth-p-24/colcon_ws/install/my_robot_description/share/my_robot_description/package.ps1'
[0.664s] INFO:colcon.colcon_core.shell:Creating package descriptor '/home/parth-p-24/colcon_ws/install/my_robot_description/share/my_robot_description/package.dsv'
[0.664s] INFO:colcon.colcon_core.shell:Creating package script '/home/parth-p-24/colcon_ws/install/my_robot_description/share/my_robot_description/package.sh'
[0.664s] INFO:colcon.colcon_core.shell:Creating package script '/home/parth-p-24/colcon_ws/install/my_robot_description/share/my_robot_description/package.bash'
[0.664s] INFO:colcon.colcon_core.shell:Creating package script '/home/parth-p-24/colcon_ws/install/my_robot_description/share/my_robot_description/package.zsh'
[0.665s] Level 1:colcon.colcon_core.environment:create_file_with_runtime_dependencies(/home/parth-p-24/colcon_ws/install/my_robot_description/share/colcon-core/packages/my_robot_description)
[0.892s] DEBUG:colcon.colcon_core.event_handler.log_command:Invoking command in '/home/parth-p-24/colcon_ws/src/scripts': PYTHONPATH=/home/parth-p-24/colcon_ws/build/scripts/prefix_override:/usr/lib/python3/dist-packages/colcon_core/task/python/colcon_distutils_commands:/home/parth-p-24/colcon_ws/install/scripts/lib/python3.10/site-packages:${PYTHONPATH} /usr/bin/python3 -W ignore:setup.py install is deprecated -W ignore:easy_install command is deprecated setup.py egg_info --egg-base ../../build/scripts build --build-base /home/parth-p-24/colcon_ws/build/scripts/build install --record /home/parth-p-24/colcon_ws/build/scripts/install.log --single-version-externally-managed
[1.063s] DEBUG:colcon.colcon_core.event_handler.log_command:Invoked command in '/home/parth-p-24/colcon_ws/src/scripts' returned '1': PYTHONPATH=/home/parth-p-24/colcon_ws/build/scripts/prefix_override:/usr/lib/python3/dist-packages/colcon_core/task/python/colcon_distutils_commands:/home/parth-p-24/colcon_ws/install/scripts/lib/python3.10/site-packages:${PYTHONPATH} /usr/bin/python3 -W ignore:setup.py install is deprecated -W ignore:easy_install command is deprecated setup.py egg_info --egg-base ../../build/scripts build --build-base /home/parth-p-24/colcon_ws/build/scripts/build install --record /home/parth-p-24/colcon_ws/build/scripts/install.log --single-version-externally-managed
[1.073s] DEBUG:colcon.colcon_parallel_executor.executor.parallel:closing loop
[1.073s] DEBUG:colcon.colcon_parallel_executor.executor.parallel:loop closed
[1.073s] DEBUG:colcon.colcon_parallel_executor.executor.parallel:run_until_complete finished with '1'
[1.073s] DEBUG:colcon.colcon_core.event_reactor:joining thread
[1.079s] INFO:colcon.colcon_core.plugin_system:Skipping extension 'colcon_notification.desktop_notification.terminal_notifier': Not used on non-Darwin systems
[1.079s] INFO:colcon.colcon_core.plugin_system:Skipping extension 'colcon_notification.desktop_notification.win32': Not used on non-Windows systems
[1.079s] INFO:colcon.colcon_notification.desktop_notification:Sending desktop notification using 'notify2'
[1.089s] DEBUG:colcon.colcon_core.event_reactor:joined thread
[1.090s] INFO:colcon.colcon_core.shell:Creating prefix script '/home/parth-p-24/colcon_ws/install/local_setup.ps1'
[1.091s] INFO:colcon.colcon_core.shell:Creating prefix util module '/home/parth-p-24/colcon_ws/install/_local_setup_util_ps1.py'
[1.092s] INFO:colcon.colcon_core.shell:Creating prefix chain script '/home/parth-p-24/colcon_ws/install/setup.ps1'
[1.093s] INFO:colcon.colcon_core.shell:Creating prefix script '/home/parth-p-24/colcon_ws/install/local_setup.sh'
[1.093s] INFO:colcon.colcon_core.shell:Creating prefix util module '/home/parth-p-24/colcon_ws/install/_local_setup_util_sh.py'
[1.094s] INFO:colcon.colcon_core.shell:Creating prefix chain script '/home/parth-p-24/colcon_ws/install/setup.sh'
[1.095s] INFO:colcon.colcon_core.shell:Creating prefix script '/home/parth-p-24/colcon_ws/install/local_setup.bash'
[1.095s] INFO:colcon.colcon_core.shell:Creating prefix chain script '/home/parth-p-24/colcon_ws/install/setup.bash'
[1.096s] INFO:colcon.colcon_core.shell:Creating prefix script '/home/parth-p-24/colcon_ws/install/local_setup.zsh'
[1.096s] INFO:colcon.colcon_core.shell:Creating prefix chain script '/home/parth-p-24/colcon_ws/install/setup.zsh'
