[6.014s] DEBUG:colcon:Command line arguments: ['/usr/bin/colcon', 'build']
[6.014s] DEBUG:colcon:Parsed command line arguments: Namespace(log_base=None, log_level=None, verb_name='build', build_base='build', install_base='install', merge_install=False, symlink_install=False, test_result_base=None, continue_on_error=False, executor='parallel', parallel_workers=16, event_handlers=None, ignore_user_meta=False, metas=['./colcon.meta'], base_paths=['.'], packages_ignore=None, packages_ignore_regex=None, paths=None, packages_up_to=None, packages_up_to_regex=None, packages_above=None, packages_above_and_dependencies=None, packages_above_depth=None, packages_select_by_dep=None, packages_skip_by_dep=None, packages_skip_up_to=None, packages_select_build_failed=False, packages_skip_build_finished=False, packages_select_test_failures=False, packages_skip_test_passed=False, packages_select=None, packages_skip=None, packages_select_regex=None, packages_skip_regex=None, packages_start=None, packages_end=None, allow_overriding=[], cmake_args=None, cmake_target=None, cmake_target_skip_unavailable=False, cmake_clean_cache=False, cmake_clean_first=False, cmake_force_configure=False, ament_cmake_args=None, catkin_cmake_args=None, catkin_skip_building_tests=False, verb_parser=<colcon_defaults.argument_parser.defaults.DefaultArgumentsDecorator object at 0x703739f5e950>, verb_extension=<colcon_core.verb.build.BuildVerb object at 0x70373a0d7f70>, main=<bound method BuildVerb.main of <colcon_core.verb.build.BuildVerb object at 0x70373a0d7f70>>)
[9.590s] Level 1:colcon.colcon_core.package_discovery:discover_packages(colcon_meta) check parameters
[9.590s] Level 1:colcon.colcon_core.package_discovery:discover_packages(recursive) check parameters
[9.590s] Level 1:colcon.colcon_core.package_discovery:discover_packages(ignore) check parameters
[9.590s] Level 1:colcon.colcon_core.package_discovery:discover_packages(path) check parameters
[9.590s] Level 1:colcon.colcon_core.package_discovery:discover_packages(colcon_meta) discover
[9.590s] Level 1:colcon.colcon_core.package_discovery:discover_packages(recursive) discover
[9.590s] INFO:colcon.colcon_core.package_discovery:Crawling recursively for packages in '/home/parth-p-24/colcon_ws'
[9.590s] Level 1:colcon.colcon_core.package_identification:_identify(.) by extensions ['ignore', 'ignore_ament_install']
[9.590s] Level 1:colcon.colcon_core.package_identification:_identify(.) by extension 'ignore'
[9.590s] Level 1:colcon.colcon_core.package_identification:_identify(.) by extension 'ignore_ament_install'
[9.591s] Level 1:colcon.colcon_core.package_identification:_identify(.) by extensions ['colcon_pkg']
[9.591s] Level 1:colcon.colcon_core.package_identification:_identify(.) by extension 'colcon_pkg'
[9.591s] Level 1:colcon.colcon_core.package_identification:_identify(.) by extensions ['colcon_meta']
[9.591s] Level 1:colcon.colcon_core.package_identification:_identify(.) by extension 'colcon_meta'
[9.591s] Level 1:colcon.colcon_core.package_identification:_identify(.) by extensions ['ros']
[9.591s] Level 1:colcon.colcon_core.package_identification:_identify(.) by extension 'ros'
[9.653s] Level 1:colcon.colcon_core.package_identification:_identify(.) by extensions ['cmake', 'python']
[9.653s] Level 1:colcon.colcon_core.package_identification:_identify(.) by extension 'cmake'
[9.653s] Level 1:colcon.colcon_core.package_identification:_identify(.) by extension 'python'
[9.653s] Level 1:colcon.colcon_core.package_identification:_identify(.) by extensions ['python_setup_py']
[9.653s] Level 1:colcon.colcon_core.package_identification:_identify(.) by extension 'python_setup_py'
[9.653s] Level 1:colcon.colcon_core.package_identification:_identify(build) by extensions ['ignore', 'ignore_ament_install']
[9.654s] Level 1:colcon.colcon_core.package_identification:_identify(build) by extension 'ignore'
[9.654s] Level 1:colcon.colcon_core.package_identification:_identify(build) ignored
[9.654s] Level 1:colcon.colcon_core.package_identification:_identify(install) by extensions ['ignore', 'ignore_ament_install']
[9.654s] Level 1:colcon.colcon_core.package_identification:_identify(install) by extension 'ignore'
[9.654s] Level 1:colcon.colcon_core.package_identification:_identify(install) ignored
[9.654s] Level 1:colcon.colcon_core.package_identification:_identify(log) by extensions ['ignore', 'ignore_ament_install']
[9.654s] Level 1:colcon.colcon_core.package_identification:_identify(log) by extension 'ignore'
[9.654s] Level 1:colcon.colcon_core.package_identification:_identify(log) ignored
[9.654s] Level 1:colcon.colcon_core.package_identification:_identify(src) by extensions ['ignore', 'ignore_ament_install']
[9.654s] Level 1:colcon.colcon_core.package_identification:_identify(src) by extension 'ignore'
[9.654s] Level 1:colcon.colcon_core.package_identification:_identify(src) by extension 'ignore_ament_install'
[9.654s] Level 1:colcon.colcon_core.package_identification:_identify(src) by extensions ['colcon_pkg']
[9.654s] Level 1:colcon.colcon_core.package_identification:_identify(src) by extension 'colcon_pkg'
[9.654s] Level 1:colcon.colcon_core.package_identification:_identify(src) by extensions ['colcon_meta']
[9.654s] Level 1:colcon.colcon_core.package_identification:_identify(src) by extension 'colcon_meta'
[9.654s] Level 1:colcon.colcon_core.package_identification:_identify(src) by extensions ['ros']
[9.654s] Level 1:colcon.colcon_core.package_identification:_identify(src) by extension 'ros'
[9.654s] Level 1:colcon.colcon_core.package_identification:_identify(src) by extensions ['cmake', 'python']
[9.654s] Level 1:colcon.colcon_core.package_identification:_identify(src) by extension 'cmake'
[9.654s] Level 1:colcon.colcon_core.package_identification:_identify(src) by extension 'python'
[9.654s] Level 1:colcon.colcon_core.package_identification:_identify(src) by extensions ['python_setup_py']
[9.654s] Level 1:colcon.colcon_core.package_identification:_identify(src) by extension 'python_setup_py'
[9.660s] Level 1:colcon.colcon_core.package_identification:_identify(src/launch) by extensions ['ignore', 'ignore_ament_install']
[9.660s] Level 1:colcon.colcon_core.package_identification:_identify(src/launch) by extension 'ignore'
[9.661s] Level 1:colcon.colcon_core.package_identification:_identify(src/launch) by extension 'ignore_ament_install'
[9.661s] Level 1:colcon.colcon_core.package_identification:_identify(src/launch) by extensions ['colcon_pkg']
[9.661s] Level 1:colcon.colcon_core.package_identification:_identify(src/launch) by extension 'colcon_pkg'
[9.661s] Level 1:colcon.colcon_core.package_identification:_identify(src/launch) by extensions ['colcon_meta']
[9.661s] Level 1:colcon.colcon_core.package_identification:_identify(src/launch) by extension 'colcon_meta'
[9.661s] Level 1:colcon.colcon_core.package_identification:_identify(src/launch) by extensions ['ros']
[9.661s] Level 1:colcon.colcon_core.package_identification:_identify(src/launch) by extension 'ros'
[9.661s] Level 1:colcon.colcon_core.package_identification:_identify(src/launch) by extensions ['cmake', 'python']
[9.661s] Level 1:colcon.colcon_core.package_identification:_identify(src/launch) by extension 'cmake'
[9.661s] Level 1:colcon.colcon_core.package_identification:_identify(src/launch) by extension 'python'
[9.661s] Level 1:colcon.colcon_core.package_identification:_identify(src/launch) by extensions ['python_setup_py']
[9.661s] Level 1:colcon.colcon_core.package_identification:_identify(src/launch) by extension 'python_setup_py'
[9.661s] Level 1:colcon.colcon_core.package_identification:_identify(src/my_robot_description) by extensions ['ignore', 'ignore_ament_install']
[9.661s] Level 1:colcon.colcon_core.package_identification:_identify(src/my_robot_description) by extension 'ignore'
[9.661s] Level 1:colcon.colcon_core.package_identification:_identify(src/my_robot_description) by extension 'ignore_ament_install'
[9.661s] Level 1:colcon.colcon_core.package_identification:_identify(src/my_robot_description) by extensions ['colcon_pkg']
[9.662s] Level 1:colcon.colcon_core.package_identification:_identify(src/my_robot_description) by extension 'colcon_pkg'
[9.662s] Level 1:colcon.colcon_core.package_identification:_identify(src/my_robot_description) by extensions ['colcon_meta']
[9.662s] Level 1:colcon.colcon_core.package_identification:_identify(src/my_robot_description) by extension 'colcon_meta'
[9.662s] Level 1:colcon.colcon_core.package_identification:_identify(src/my_robot_description) by extensions ['ros']
[9.662s] Level 1:colcon.colcon_core.package_identification:_identify(src/my_robot_description) by extension 'ros'
[9.677s] DEBUG:colcon.colcon_core.package_identification:Package 'src/my_robot_description' with type 'ros.ament_cmake' and name 'my_robot_description'
[9.677s] Level 1:colcon.colcon_core.package_discovery:discover_packages(recursive) using defaults
[9.677s] Level 1:colcon.colcon_core.package_discovery:discover_packages(ignore) discover
[9.677s] Level 1:colcon.colcon_core.package_discovery:discover_packages(ignore) using defaults
[9.677s] Level 1:colcon.colcon_core.package_discovery:discover_packages(path) discover
[9.677s] Level 1:colcon.colcon_core.package_discovery:discover_packages(path) using defaults
[10.014s] Level 1:colcon.colcon_core.package_discovery:discover_packages(prefix_path) check parameters
[10.014s] Level 1:colcon.colcon_core.package_discovery:discover_packages(prefix_path) discover
[10.066s] DEBUG:colcon.colcon_installed_package_information.package_discovery:Found 22 installed packages in /home/parth-p-24/ros2_ws/install
[10.067s] DEBUG:colcon.colcon_installed_package_information.package_discovery:Found 300 installed packages in /opt/ros/humble
[10.069s] Level 1:colcon.colcon_core.package_discovery:discover_packages(prefix_path) using defaults
[10.796s] Level 5:colcon.colcon_core.verb:set package 'my_robot_description' build argument 'cmake_args' from command line to 'None'
[10.796s] Level 5:colcon.colcon_core.verb:set package 'my_robot_description' build argument 'cmake_target' from command line to 'None'
[10.796s] Level 5:colcon.colcon_core.verb:set package 'my_robot_description' build argument 'cmake_target_skip_unavailable' from command line to 'False'
[10.796s] Level 5:colcon.colcon_core.verb:set package 'my_robot_description' build argument 'cmake_clean_cache' from command line to 'False'
[10.796s] Level 5:colcon.colcon_core.verb:set package 'my_robot_description' build argument 'cmake_clean_first' from command line to 'False'
[10.796s] Level 5:colcon.colcon_core.verb:set package 'my_robot_description' build argument 'cmake_force_configure' from command line to 'False'
[10.796s] Level 5:colcon.colcon_core.verb:set package 'my_robot_description' build argument 'ament_cmake_args' from command line to 'None'
[10.796s] Level 5:colcon.colcon_core.verb:set package 'my_robot_description' build argument 'catkin_cmake_args' from command line to 'None'
[10.796s] Level 5:colcon.colcon_core.verb:set package 'my_robot_description' build argument 'catkin_skip_building_tests' from command line to 'False'
[10.796s] DEBUG:colcon.colcon_core.verb:Building package 'my_robot_description' with the following arguments: {'ament_cmake_args': None, 'build_base': '/home/parth-p-24/colcon_ws/build/my_robot_description', 'catkin_cmake_args': None, 'catkin_skip_building_tests': False, 'cmake_args': None, 'cmake_clean_cache': False, 'cmake_clean_first': False, 'cmake_force_configure': False, 'cmake_target': None, 'cmake_target_skip_unavailable': False, 'install_base': '/home/parth-p-24/colcon_ws/install/my_robot_description', 'merge_install': False, 'path': '/home/parth-p-24/colcon_ws/src/my_robot_description', 'symlink_install': False, 'test_result_base': None}
[10.796s] INFO:colcon.colcon_core.executor:Executing jobs using 'parallel' executor
[10.797s] DEBUG:colcon.colcon_parallel_executor.executor.parallel:run_until_complete
[10.797s] INFO:colcon.colcon_ros.task.ament_cmake.build:Building ROS package in '/home/parth-p-24/colcon_ws/src/my_robot_description' with build type 'ament_cmake'
[10.797s] INFO:colcon.colcon_cmake.task.cmake.build:Building CMake package in '/home/parth-p-24/colcon_ws/src/my_robot_description'
[10.880s] INFO:colcon.colcon_core.plugin_system:Skipping extension 'colcon_core.shell.bat': Not used on non-Windows systems
[10.880s] INFO:colcon.colcon_core.shell:Skip shell extension 'powershell' for command environment: Not usable outside of PowerShell
[10.880s] DEBUG:colcon.colcon_core.shell:Skip shell extension 'dsv' for command environment
[10.918s] DEBUG:colcon.colcon_core.event_handler.log_command:Invoking command in '/home/parth-p-24/colcon_ws/build/my_robot_description': CMAKE_PREFIX_PATH=${CMAKE_PREFIX_PATH}:/home/parth-p-24/ros2_ws/install/launch_testing_examples:/home/parth-p-24/ros2_ws/install/examples_rclpy_pointcloud_publisher:/home/parth-p-24/ros2_ws/install/examples_rclpy_minimal_subscriber:/home/parth-p-24/ros2_ws/install/examples_rclpy_minimal_service:/home/parth-p-24/ros2_ws/install/examples_rclpy_minimal_publisher:/home/parth-p-24/ros2_ws/install/examples_rclpy_minimal_client:/home/parth-p-24/ros2_ws/install/examples_rclpy_minimal_action_server:/home/parth-p-24/ros2_ws/install/examples_rclpy_minimal_action_client:/home/parth-p-24/ros2_ws/install/examples_rclpy_guard_conditions:/home/parth-p-24/ros2_ws/install/examples_rclpy_executors:/opt/ros/humble /usr/bin/cmake --build /home/parth-p-24/colcon_ws/build/my_robot_description -- -j16 -l16
[11.067s] DEBUG:colcon.colcon_parallel_executor.executor.parallel:run_until_complete was interrupted
[11.068s] DEBUG:colcon.colcon_parallel_executor.executor.parallel:run_until_complete again
[11.069s] DEBUG:colcon.colcon_core.event_handler.log_command:Invoked command in '/home/parth-p-24/colcon_ws/build/my_robot_description' returned '-2': CMAKE_PREFIX_PATH=${CMAKE_PREFIX_PATH}:/home/parth-p-24/ros2_ws/install/launch_testing_examples:/home/parth-p-24/ros2_ws/install/examples_rclpy_pointcloud_publisher:/home/parth-p-24/ros2_ws/install/examples_rclpy_minimal_subscriber:/home/parth-p-24/ros2_ws/install/examples_rclpy_minimal_service:/home/parth-p-24/ros2_ws/install/examples_rclpy_minimal_publisher:/home/parth-p-24/ros2_ws/install/examples_rclpy_minimal_client:/home/parth-p-24/ros2_ws/install/examples_rclpy_minimal_action_server:/home/parth-p-24/ros2_ws/install/examples_rclpy_minimal_action_client:/home/parth-p-24/ros2_ws/install/examples_rclpy_guard_conditions:/home/parth-p-24/ros2_ws/install/examples_rclpy_executors:/opt/ros/humble /usr/bin/cmake --build /home/parth-p-24/colcon_ws/build/my_robot_description -- -j16 -l16
[11.094s] Level 1:colcon.colcon_core.environment:create_environment_scripts_only(my_robot_description)
[11.142s] Level 1:colcon.colcon_core.environment:checking '/home/parth-p-24/colcon_ws/install/my_robot_description' for CMake module files
[11.188s] Level 1:colcon.colcon_core.environment:checking '/home/parth-p-24/colcon_ws/install/my_robot_description' for CMake config files
[11.260s] Level 1:colcon.colcon_core.shell:create_environment_hook('my_robot_description', 'cmake_prefix_path')
[11.261s] INFO:colcon.colcon_core.shell:Creating environment hook '/home/parth-p-24/colcon_ws/install/my_robot_description/share/my_robot_description/hook/cmake_prefix_path.ps1'
[11.282s] INFO:colcon.colcon_core.shell:Creating environment descriptor '/home/parth-p-24/colcon_ws/install/my_robot_description/share/my_robot_description/hook/cmake_prefix_path.dsv'
[11.287s] INFO:colcon.colcon_core.shell:Creating environment hook '/home/parth-p-24/colcon_ws/install/my_robot_description/share/my_robot_description/hook/cmake_prefix_path.sh'
[11.288s] Level 1:colcon.colcon_core.environment:checking '/home/parth-p-24/colcon_ws/install/my_robot_description/bin'
[11.288s] Level 1:colcon.colcon_core.environment:checking '/home/parth-p-24/colcon_ws/install/my_robot_description/lib/pkgconfig/my_robot_description.pc'
[11.288s] Level 1:colcon.colcon_core.environment:checking '/home/parth-p-24/colcon_ws/install/my_robot_description/lib/python3.10/site-packages'
[11.288s] Level 1:colcon.colcon_core.environment:checking '/home/parth-p-24/colcon_ws/install/my_robot_description/bin'
[11.289s] INFO:colcon.colcon_core.shell:Creating package script '/home/parth-p-24/colcon_ws/install/my_robot_description/share/my_robot_description/package.ps1'
[11.291s] INFO:colcon.colcon_core.shell:Creating package descriptor '/home/parth-p-24/colcon_ws/install/my_robot_description/share/my_robot_description/package.dsv'
[11.292s] INFO:colcon.colcon_core.shell:Creating package script '/home/parth-p-24/colcon_ws/install/my_robot_description/share/my_robot_description/package.sh'
[11.295s] INFO:colcon.colcon_core.shell:Creating package script '/home/parth-p-24/colcon_ws/install/my_robot_description/share/my_robot_description/package.bash'
[11.301s] INFO:colcon.colcon_core.shell:Creating package script '/home/parth-p-24/colcon_ws/install/my_robot_description/share/my_robot_description/package.zsh'
[11.324s] Level 1:colcon.colcon_core.environment:create_file_with_runtime_dependencies(/home/parth-p-24/colcon_ws/install/my_robot_description/share/colcon-core/packages/my_robot_description)
[11.336s] DEBUG:colcon.colcon_parallel_executor.executor.parallel:run_until_complete finished
[11.336s] DEBUG:colcon.colcon_parallel_executor.executor.parallel:closing loop
[11.336s] DEBUG:colcon.colcon_parallel_executor.executor.parallel:loop closed
[11.336s] DEBUG:colcon.colcon_core.event_reactor:joining thread
[11.355s] INFO:colcon.colcon_core.plugin_system:Skipping extension 'colcon_notification.desktop_notification.terminal_notifier': Not used on non-Darwin systems
[11.355s] INFO:colcon.colcon_core.plugin_system:Skipping extension 'colcon_notification.desktop_notification.win32': Not used on non-Windows systems
[11.356s] INFO:colcon.colcon_notification.desktop_notification:Sending desktop notification using 'notify2'
[11.367s] DEBUG:colcon.colcon_core.event_reactor:joined thread
[11.367s] INFO:colcon.colcon_core.shell:Creating prefix script '/home/parth-p-24/colcon_ws/install/local_setup.ps1'
[11.381s] INFO:colcon.colcon_core.shell:Creating prefix util module '/home/parth-p-24/colcon_ws/install/_local_setup_util_ps1.py'
[11.383s] INFO:colcon.colcon_core.shell:Creating prefix chain script '/home/parth-p-24/colcon_ws/install/setup.ps1'
[11.387s] INFO:colcon.colcon_core.shell:Creating prefix script '/home/parth-p-24/colcon_ws/install/local_setup.sh'
[11.392s] INFO:colcon.colcon_core.shell:Creating prefix util module '/home/parth-p-24/colcon_ws/install/_local_setup_util_sh.py'
[11.393s] INFO:colcon.colcon_core.shell:Creating prefix chain script '/home/parth-p-24/colcon_ws/install/setup.sh'
[11.402s] INFO:colcon.colcon_core.shell:Creating prefix script '/home/parth-p-24/colcon_ws/install/local_setup.bash'
[11.405s] INFO:colcon.colcon_core.shell:Creating prefix chain script '/home/parth-p-24/colcon_ws/install/setup.bash'
[11.411s] INFO:colcon.colcon_core.shell:Creating prefix script '/home/parth-p-24/colcon_ws/install/local_setup.zsh'
[11.435s] INFO:colcon.colcon_core.shell:Creating prefix chain script '/home/parth-p-24/colcon_ws/install/setup.zsh'
