-- Install configuration: ""
-- Installing: /home/parth-p-24/colcon_ws/install/my_robot_description/share/my_robot_description/urdf
-- Installing: /home/parth-p-24/colcon_ws/install/my_robot_description/share/my_robot_description/urdf/robot.urdf.xacro
-- Installing: /home/parth-p-24/colcon_ws/install/my_robot_description/share/my_robot_description/urdf/gazebo_control.xacro
-- Installing: /home/parth-p-24/colcon_ws/install/my_robot_description/share/my_robot_description/urdf/my_robot.urdf
-- Installing: /home/parth-p-24/colcon_ws/install/my_robot_description/share/my_robot_description/launch
-- Installing: /home/parth-p-24/colcon_ws/install/my_robot_description/share/my_robot_description/launch/display.launch.py
-- Installing: /home/parth-p-24/colcon_ws/install/my_robot_description/share/ament_index/resource_index/package_run_dependencies/my_robot_description
-- Installing: /home/parth-p-24/colcon_ws/install/my_robot_description/share/ament_index/resource_index/parent_prefix_path/my_robot_description
-- Installing: /home/parth-p-24/colcon_ws/install/my_robot_description/share/my_robot_description/environment/ament_prefix_path.sh
-- Installing: /home/parth-p-24/colcon_ws/install/my_robot_description/share/my_robot_description/environment/ament_prefix_path.dsv
-- Installing: /home/parth-p-24/colcon_ws/install/my_robot_description/share/my_robot_description/environment/path.sh
-- Installing: /home/parth-p-24/colcon_ws/install/my_robot_description/share/my_robot_description/environment/path.dsv
-- Installing: /home/parth-p-24/colcon_ws/install/my_robot_description/share/my_robot_description/local_setup.bash
-- Installing: /home/parth-p-24/colcon_ws/install/my_robot_description/share/my_robot_description/local_setup.sh
-- Installing: /home/parth-p-24/colcon_ws/install/my_robot_description/share/my_robot_description/local_setup.zsh
-- Installing: /home/parth-p-24/colcon_ws/install/my_robot_description/share/my_robot_description/local_setup.dsv
-- Installing: /home/parth-p-24/colcon_ws/install/my_robot_description/share/my_robot_description/package.dsv
-- Installing: /home/parth-p-24/colcon_ws/install/my_robot_description/share/ament_index/resource_index/packages/my_robot_description
-- Installing: /home/parth-p-24/colcon_ws/install/my_robot_description/share/my_robot_description/cmake/my_robot_descriptionConfig.cmake
-- Installing: /home/parth-p-24/colcon_ws/install/my_robot_description/share/my_robot_description/cmake/my_robot_descriptionConfig-version.cmake
-- Installing: /home/parth-p-24/colcon_ws/install/my_robot_description/share/my_robot_description/package.xml
