[0.472s] Invoking command in '/home/parth-p-24/colcon_ws/src/scripts': PYTHONPATH=/home/parth-p-24/colcon_ws/build/scripts/prefix_override:/usr/lib/python3/dist-packages/colcon_core/task/python/colcon_distutils_commands:/home/parth-p-24/colcon_ws/install/scripts/lib/python3.10/site-packages:${PYTHONPATH} /usr/bin/python3 -W ignore:setup.py install is deprecated -W ignore:easy_install command is deprecated setup.py egg_info --egg-base ../../build/scripts build --build-base /home/parth-p-24/colcon_ws/build/scripts/build install --record /home/parth-p-24/colcon_ws/build/scripts/install.log --single-version-externally-managed
[0.617s] /usr/local/lib/python3.10/dist-packages/setuptools_scm/_integration/setuptools.py:31: RuntimeWarning: 
[0.617s] ERROR: setuptools==59.6.0 is used in combination with setuptools_scm>=8.x
[0.617s] 
[0.618s] Your build configuration is incomplete and previously worked by accident!
[0.618s] setuptools_scm requires setuptools>=61
[0.618s] 
[0.618s] Suggested workaround if applicable:
[0.618s]  - migrating from the deprecated setup_requires mechanism to pep517/518
[0.618s]    and using a pyproject.toml to declare build dependencies
[0.618s]    which are reliably pre-installed before running the build tools
[0.618s] 
[0.618s]   warnings.warn(
[0.630s] running egg_info
[0.630s] creating ../../build/scripts/scripts.egg-info
[0.631s] writing ../../build/scripts/scripts.egg-info/PKG-INFO
[0.631s] writing dependency_links to ../../build/scripts/scripts.egg-info/dependency_links.txt
[0.631s] writing entry points to ../../build/scripts/scripts.egg-info/entry_points.txt
[0.631s] writing requirements to ../../build/scripts/scripts.egg-info/requires.txt
[0.631s] writing top-level names to ../../build/scripts/scripts.egg-info/top_level.txt
[0.631s] writing manifest file '../../build/scripts/scripts.egg-info/SOURCES.txt'
[0.632s] error: package directory 'scripts' does not exist
[0.653s] Invoked command in '/home/parth-p-24/colcon_ws/src/scripts' returned '1': PYTHONPATH=/home/parth-p-24/colcon_ws/build/scripts/prefix_override:/usr/lib/python3/dist-packages/colcon_core/task/python/colcon_distutils_commands:/home/parth-p-24/colcon_ws/install/scripts/lib/python3.10/site-packages:${PYTHONPATH} /usr/bin/python3 -W ignore:setup.py install is deprecated -W ignore:easy_install command is deprecated setup.py egg_info --egg-base ../../build/scripts build --build-base /home/parth-p-24/colcon_ws/build/scripts/build install --record /home/parth-p-24/colcon_ws/build/scripts/install.log --single-version-externally-managed
