\BOOKMARK [0][-]{chapter.1}{\376\377\000P\000r\000o\000j\000e\000c\000t\000\040\000O\000v\000e\000r\000v\000i\000e\000w}{}% 1
\BOOKMARK [1][-]{section.1.1}{\376\377\000I\000n\000t\000r\000o\000d\000u\000c\000t\000i\000o\000n}{chapter.1}% 2
\BOOKMARK [1][-]{section.1.2}{\376\377\000C\000o\000m\000p\000e\000t\000i\000t\000i\000o\000n\000\040\000T\000a\000s\000k\000s}{chapter.1}% 3
\BOOKMARK [1][-]{section.1.3}{\376\377\000K\000e\000y\000\040\000S\000p\000e\000c\000i\000f\000i\000c\000a\000t\000i\000o\000n\000s}{chapter.1}% 4
\BOOKMARK [0][-]{chapter.2}{\376\377\000S\000y\000s\000t\000e\000m\000\040\000A\000r\000c\000h\000i\000t\000e\000c\000t\000u\000r\000e}{}% 5
\BOOKMARK [1][-]{section.2.1}{\376\377\000H\000i\000g\000h\000-\000L\000e\000v\000e\000l\000\040\000A\000r\000c\000h\000i\000t\000e\000c\000t\000u\000r\000e}{chapter.2}% 6
\BOOKMARK [1][-]{section.2.2}{\376\377\000D\000u\000a\000l\000-\000C\000o\000n\000t\000a\000i\000n\000e\000r\000\040\000A\000r\000c\000h\000i\000t\000e\000c\000t\000u\000r\000e}{chapter.2}% 7
\BOOKMARK [1][-]{section.2.3}{\376\377\000C\000o\000m\000m\000u\000n\000i\000c\000a\000t\000i\000o\000n\000\040\000F\000l\000o\000w}{chapter.2}% 8
\BOOKMARK [0][-]{chapter.3}{\376\377\000D\000i\000r\000e\000c\000t\000o\000r\000y\000\040\000S\000t\000r\000u\000c\000t\000u\000r\000e}{}% 9
\BOOKMARK [1][-]{section.3.1}{\376\377\000P\000r\000o\000j\000e\000c\000t\000\040\000L\000a\000y\000o\000u\000t}{chapter.3}% 10
\BOOKMARK [1][-]{section.3.2}{\376\377\000K\000e\000y\000\040\000D\000i\000r\000e\000c\000t\000o\000r\000i\000e\000s}{chapter.3}% 11
\BOOKMARK [2][-]{subsection.3.2.1}{\376\377\000D\000o\000c\000k\000e\000r\000\040\000C\000o\000n\000f\000i\000g\000u\000r\000a\000t\000i\000o\000n}{section.3.2}% 12
\BOOKMARK [2][-]{subsection.3.2.2}{\376\377\000R\000O\000S\000\040\000B\000r\000i\000d\000g\000e}{section.3.2}% 13
\BOOKMARK [2][-]{subsection.3.2.3}{\376\377\000G\000U\000I\000\040\000S\000y\000s\000t\000e\000m}{section.3.2}% 14
\BOOKMARK [0][-]{chapter.4}{\376\377\000H\000a\000r\000d\000w\000a\000r\000e\000\040\000R\000e\000q\000u\000i\000r\000e\000m\000e\000n\000t\000s}{}% 15
\BOOKMARK [1][-]{section.4.1}{\376\377\000O\000n\000-\000B\000o\000a\000r\000d\000\040\000C\000o\000m\000p\000u\000t\000e\000r}{chapter.4}% 16
\BOOKMARK [1][-]{section.4.2}{\376\377\000M\000o\000t\000o\000r\000\040\000S\000y\000s\000t\000e\000m}{chapter.4}% 17
\BOOKMARK [2][-]{subsection.4.2.1}{\376\377\000P\000i\000n\000\040\000C\000o\000n\000f\000i\000g\000u\000r\000a\000t\000i\000o\000n}{section.4.2}% 18
\BOOKMARK [1][-]{section.4.3}{\376\377\000S\000e\000n\000s\000o\000r\000s}{chapter.4}% 19
\BOOKMARK [2][-]{subsection.4.3.1}{\376\377\000U\000l\000t\000r\000a\000s\000o\000n\000i\000c\000\040\000S\000e\000n\000s\000o\000r\000\040\000P\000i\000n\000s}{section.4.3}% 20
\BOOKMARK [1][-]{section.4.4}{\376\377\000S\000e\000r\000i\000a\000l\000\040\000P\000o\000r\000t\000\040\000C\000o\000n\000f\000i\000g\000u\000r\000a\000t\000i\000o\000n}{chapter.4}% 21
\BOOKMARK [0][-]{chapter.5}{\376\377\000S\000o\000f\000t\000w\000a\000r\000e\000\040\000D\000e\000p\000e\000n\000d\000e\000n\000c\000i\000e\000s}{}% 22
\BOOKMARK [1][-]{section.5.1}{\376\377\000S\000y\000s\000t\000e\000m\000\040\000R\000e\000q\000u\000i\000r\000e\000m\000e\000n\000t\000s}{chapter.5}% 23
\BOOKMARK [1][-]{section.5.2}{\376\377\000P\000y\000t\000h\000o\000n\000\040\000D\000e\000p\000e\000n\000d\000e\000n\000c\000i\000e\000s}{chapter.5}% 24
\BOOKMARK [1][-]{section.5.3}{\376\377\000S\000y\000s\000t\000e\000m\000\040\000P\000a\000c\000k\000a\000g\000e\000s\000\040\000\050\000A\000P\000T\000\051}{chapter.5}% 25
\BOOKMARK [1][-]{section.5.4}{\376\377\000A\000r\000d\000u\000i\000n\000o\000\040\000L\000i\000b\000r\000a\000r\000i\000e\000s}{chapter.5}% 26
\BOOKMARK [0][-]{chapter.6}{\376\377\000D\000o\000c\000k\000e\000r\000\040\000C\000o\000n\000f\000i\000g\000u\000r\000a\000t\000i\000o\000n}{}% 27
\BOOKMARK [1][-]{section.6.1}{\376\377\000J\000e\000t\000s\000o\000n\000\040\000C\000o\000n\000t\000a\000i\000n\000e\000r}{chapter.6}% 28
\BOOKMARK [2][-]{subsection.6.1.1}{\376\377\000O\000v\000e\000r\000v\000i\000e\000w}{section.6.1}% 29
\BOOKMARK [2][-]{subsection.6.1.2}{\376\377\000K\000e\000y\000\040\000F\000e\000a\000t\000u\000r\000e\000s}{section.6.1}% 30
\BOOKMARK [2][-]{subsection.6.1.3}{\376\377\000D\000e\000v\000i\000c\000e\000\040\000M\000a\000p\000p\000i\000n\000g\000s}{section.6.1}% 31
\BOOKMARK [2][-]{subsection.6.1.4}{\376\377\000E\000n\000v\000i\000r\000o\000n\000m\000e\000n\000t\000\040\000V\000a\000r\000i\000a\000b\000l\000e\000s}{section.6.1}% 32
\BOOKMARK [2][-]{subsection.6.1.5}{\376\377\000S\000u\000p\000e\000r\000v\000i\000s\000e\000d\000\040\000P\000r\000o\000c\000e\000s\000s\000e\000s}{section.6.1}% 33
\BOOKMARK [1][-]{section.6.2}{\376\377\000L\000o\000c\000a\000l\000\040\000C\000o\000n\000t\000a\000i\000n\000e\000r\000\040\000\050\000B\000a\000s\000e\000\040\000S\000t\000a\000t\000i\000o\000n\000\051}{chapter.6}% 34
\BOOKMARK [2][-]{subsection.6.2.1}{\376\377\000m\000a\000c\000O\000S\000\040\000S\000e\000t\000u\000p}{section.6.2}% 35
\BOOKMARK [2][-]{subsection.6.2.2}{\376\377\000L\000i\000n\000u\000x\000\040\000S\000e\000t\000u\000p}{section.6.2}% 36
\BOOKMARK [2][-]{subsection.6.2.3}{\376\377\000L\000o\000c\000a\000l\000\040\000E\000n\000v\000i\000r\000o\000n\000m\000e\000n\000t\000\040\000V\000a\000r\000i\000a\000b\000l\000e\000s}{section.6.2}% 37
\BOOKMARK [1][-]{section.6.3}{\376\377\000S\000i\000m\000u\000l\000a\000t\000i\000o\000n\000\040\000C\000o\000n\000t\000a\000i\000n\000e\000r}{chapter.6}% 38
\BOOKMARK [0][-]{chapter.7}{\376\377\000Q\000u\000i\000c\000k\000\040\000S\000t\000a\000r\000t\000\040\000G\000u\000i\000d\000e}{}% 39
\BOOKMARK [1][-]{section.7.1}{\376\377\000P\000r\000e\000r\000e\000q\000u\000i\000s\000i\000t\000e\000s}{chapter.7}% 40
\BOOKMARK [2][-]{subsection.7.1.1}{\376\377\000I\000n\000s\000t\000a\000l\000l\000\040\000D\000o\000c\000k\000e\000r}{section.7.1}% 41
\BOOKMARK [2][-]{subsection.7.1.2}{\376\377\000C\000l\000o\000n\000e\000\040\000R\000e\000p\000o\000s\000i\000t\000o\000r\000y}{section.7.1}% 42
\BOOKMARK [2][-]{subsection.7.1.3}{\376\377\000C\000o\000n\000n\000e\000c\000t\000\040\000H\000a\000r\000d\000w\000a\000r\000e}{section.7.1}% 43
\BOOKMARK [1][-]{section.7.2}{\376\377\000O\000p\000t\000i\000o\000n\000\040\000A\000:\000\040\000F\000u\000l\000l\000\040\000S\000y\000s\000t\000e\000m\000\040\000S\000t\000a\000r\000t\000u\000p}{chapter.7}% 44
\BOOKMARK [2][-]{subsection.7.2.1}{\376\377\000S\000t\000e\000p\000\040\0001\000:\000\040\000S\000t\000a\000r\000t\000\040\000J\000e\000t\000s\000o\000n\000\040\000C\000o\000n\000t\000a\000i\000n\000e\000r\000\040\000\050\000o\000n\000\040\000r\000o\000v\000e\000r\000\051}{section.7.2}% 45
\BOOKMARK [2][-]{subsection.7.2.2}{\376\377\000S\000t\000e\000p\000\040\0002\000:\000\040\000S\000t\000a\000r\000t\000\040\000L\000o\000c\000a\000l\000\040\000C\000o\000n\000t\000a\000i\000n\000e\000r\000\040\000\050\000o\000n\000\040\000b\000a\000s\000e\000\040\000s\000t\000a\000t\000i\000o\000n\000\051}{section.7.2}% 46
\BOOKMARK [2][-]{subsection.7.2.3}{\376\377\000S\000t\000e\000p\000\040\0003\000:\000\040\000L\000a\000u\000n\000c\000h\000\040\000G\000U\000I}{section.7.2}% 47
\BOOKMARK [1][-]{section.7.3}{\376\377\000O\000p\000t\000i\000o\000n\000\040\000B\000:\000\040\000S\000i\000m\000u\000l\000a\000t\000i\000o\000n\000\040\000O\000n\000l\000y}{chapter.7}% 48
\BOOKMARK [1][-]{section.7.4}{\376\377\000O\000p\000t\000i\000o\000n\000\040\000C\000:\000\040\000D\000e\000v\000e\000l\000o\000p\000m\000e\000n\000t\000\040\000M\000o\000d\000e}{chapter.7}% 49
\BOOKMARK [0][-]{chapter.8}{\376\377\000D\000e\000t\000a\000i\000l\000e\000d\000\040\000S\000t\000a\000r\000t\000u\000p\000\040\000P\000r\000o\000c\000e\000d\000u\000r\000e\000s}{}% 50
\BOOKMARK [1][-]{section.8.1}{\376\377\000J\000e\000t\000s\000o\000n\000\040\000O\000n\000-\000B\000o\000a\000r\000d\000\040\000S\000t\000a\000r\000t\000u\000p}{chapter.8}% 51
\BOOKMARK [1][-]{section.8.2}{\376\377\000B\000a\000s\000e\000\040\000S\000t\000a\000t\000i\000o\000n\000\040\000S\000t\000a\000r\000t\000u\000p}{chapter.8}% 52
\BOOKMARK [2][-]{subsection.8.2.1}{\376\377\000m\000a\000c\000O\000S\000\040\000P\000r\000o\000c\000e\000d\000u\000r\000e}{section.8.2}% 53
\BOOKMARK [2][-]{subsection.8.2.2}{\376\377\000L\000i\000n\000u\000x\000\040\000P\000r\000o\000c\000e\000d\000u\000r\000e}{section.8.2}% 54
\BOOKMARK [1][-]{section.8.3}{\376\377\000V\000e\000r\000i\000f\000i\000c\000a\000t\000i\000o\000n\000\040\000S\000t\000e\000p\000s}{chapter.8}% 55
\BOOKMARK [2][-]{subsection.8.3.1}{\376\377\000C\000h\000e\000c\000k\000\040\000R\000O\000S\000\040\0002\000\040\000C\000o\000n\000n\000e\000c\000t\000i\000v\000i\000t\000y}{section.8.3}% 56
\BOOKMARK [2][-]{subsection.8.3.2}{\376\377\000T\000e\000s\000t\000\040\000M\000o\000t\000o\000r\000\040\000C\000o\000m\000m\000a\000n\000d\000s}{section.8.3}% 57
\BOOKMARK [2][-]{subsection.8.3.3}{\376\377\000M\000o\000n\000i\000t\000o\000r\000\040\000S\000e\000n\000s\000o\000r\000\040\000D\000a\000t\000a}{section.8.3}% 58
\BOOKMARK [0][-]{chapter.9}{\376\377\000R\000O\000S\000\040\0002\000\040\000A\000r\000c\000h\000i\000t\000e\000c\000t\000u\000r\000e}{}% 59
\BOOKMARK [1][-]{section.9.1}{\376\377\000N\000o\000d\000e\000\040\000O\000v\000e\000r\000v\000i\000e\000w}{chapter.9}% 60
\BOOKMARK [1][-]{section.9.2}{\376\377\000T\000o\000p\000i\000c\000\040\000A\000r\000c\000h\000i\000t\000e\000c\000t\000u\000r\000e}{chapter.9}% 61
\BOOKMARK [1][-]{section.9.3}{\376\377\000M\000e\000s\000s\000a\000g\000e\000\040\000F\000o\000r\000m\000a\000t\000s}{chapter.9}% 62
\BOOKMARK [2][-]{subsection.9.3.1}{\376\377\000M\000o\000t\000o\000r\000\040\000C\000o\000n\000t\000r\000o\000l\000\040\000I\000n\000p\000u\000t\000\040\000\050\000S\000t\000r\000i\000n\000g\000\051}{section.9.3}% 63
\BOOKMARK [2][-]{subsection.9.3.2}{\376\377\000I\000M\000U\000\040\000D\000a\000t\000a\000\040\000\050\000S\000t\000r\000i\000n\000g\000\051}{section.9.3}% 64
\BOOKMARK [2][-]{subsection.9.3.3}{\376\377\000G\000P\000S\000\040\000D\000a\000t\000a\000\040\000\050\000S\000t\000r\000i\000n\000g\000\051}{section.9.3}% 65
\BOOKMARK [2][-]{subsection.9.3.4}{\376\377\000U\000l\000t\000r\000a\000s\000o\000n\000i\000c\000\040\000D\000a\000t\000a\000\040\000\050\000S\000t\000r\000i\000n\000g\000\051}{section.9.3}% 66
\BOOKMARK [1][-]{section.9.4}{\376\377\000B\000r\000i\000d\000g\000e\000\040\000C\000l\000a\000s\000s\000\040\000H\000i\000e\000r\000a\000r\000c\000h\000y}{chapter.9}% 67
\BOOKMARK [0][-]{chapter.10}{\376\377\000H\000a\000r\000d\000w\000a\000r\000e\000\040\000I\000n\000t\000e\000r\000f\000a\000c\000e\000s}{}% 68
\BOOKMARK [1][-]{section.10.1}{\376\377\000M\000o\000t\000o\000r\000\040\000C\000o\000n\000t\000r\000o\000l}{chapter.10}% 69
\BOOKMARK [2][-]{subsection.10.1.1}{\376\377\000A\000r\000d\000u\000i\000n\000o\000\040\000F\000i\000r\000m\000w\000a\000r\000e}{section.10.1}% 70
\BOOKMARK [1][-]{section.10.2}{\376\377\000I\000M\000U\000\040\000\050\000B\000N\000O\0000\0005\0005\000\051}{chapter.10}% 71
\BOOKMARK [2][-]{subsection.10.2.1}{\376\377\000D\000a\000t\000a\000\040\000P\000r\000o\000c\000e\000s\000s\000i\000n\000g}{section.10.2}% 72
\BOOKMARK [1][-]{section.10.3}{\376\377\000G\000P\000S}{chapter.10}% 73
\BOOKMARK [1][-]{section.10.4}{\376\377\000U\000l\000t\000r\000a\000s\000o\000n\000i\000c\000\040\000S\000e\000n\000s\000o\000r\000s}{chapter.10}% 74
\BOOKMARK [1][-]{section.10.5}{\376\377\000R\000e\000a\000l\000S\000e\000n\000s\000e\000\040\000C\000a\000m\000e\000r\000a\000s}{chapter.10}% 75
\BOOKMARK [0][-]{chapter.11}{\376\377\000G\000U\000I\000\040\000S\000y\000s\000t\000e\000m}{}% 76
\BOOKMARK [1][-]{section.11.1}{\376\377\000M\000a\000i\000n\000\040\000C\000o\000n\000t\000r\000o\000l\000\040\000G\000U\000I}{chapter.11}% 77
\BOOKMARK [1][-]{section.11.2}{\376\377\000M\000o\000t\000o\000r\000/\000A\000r\000m\000\040\000G\000U\000I\000\040\000H\000o\000t\000k\000e\000y\000s}{chapter.11}% 78
\BOOKMARK [1][-]{section.11.3}{\376\377\000P\000u\000b\000l\000i\000s\000h\000e\000r\000\040\000C\000l\000a\000s\000s\000e\000s}{chapter.11}% 79
\BOOKMARK [0][-]{chapter.12}{\376\377\000D\000e\000v\000e\000l\000o\000p\000m\000e\000n\000t\000\040\000W\000o\000r\000k\000f\000l\000o\000w}{}% 80
\BOOKMARK [1][-]{section.12.1}{\376\377\000G\000i\000t\000\040\000W\000o\000r\000k\000f\000l\000o\000w}{chapter.12}% 81
\BOOKMARK [2][-]{subsection.12.1.1}{\376\377\000B\000r\000a\000n\000c\000h\000\040\000S\000t\000r\000a\000t\000e\000g\000y}{section.12.1}% 82
\BOOKMARK [2][-]{subsection.12.1.2}{\376\377\000S\000t\000a\000n\000d\000a\000r\000d\000\040\000W\000o\000r\000k\000f\000l\000o\000w}{section.12.1}% 83
\BOOKMARK [2][-]{subsection.12.1.3}{\376\377\000C\000o\000m\000m\000i\000t\000\040\000M\000e\000s\000s\000a\000g\000e\000\040\000F\000o\000r\000m\000a\000t}{section.12.1}% 84
\BOOKMARK [1][-]{section.12.2}{\376\377\000A\000d\000d\000i\000n\000g\000\040\000a\000\040\000N\000e\000w\000\040\000S\000e\000n\000s\000o\000r\000\040\000B\000r\000i\000d\000g\000e}{chapter.12}% 85
\BOOKMARK [2][-]{subsection.12.2.1}{\376\377\000S\000t\000e\000p\000\040\0001\000:\000\040\000C\000r\000e\000a\000t\000e\000\040\000A\000r\000d\000u\000i\000n\000o\000\040\000F\000i\000r\000m\000w\000a\000r\000e}{section.12.2}% 86
\BOOKMARK [2][-]{subsection.12.2.2}{\376\377\000S\000t\000e\000p\000\040\0002\000:\000\040\000C\000r\000e\000a\000t\000e\000\040\000P\000y\000t\000h\000o\000n\000\040\000B\000r\000i\000d\000g\000e}{section.12.2}% 87
\BOOKMARK [2][-]{subsection.12.2.3}{\376\377\000S\000t\000e\000p\000\040\0003\000:\000\040\000A\000d\000d\000\040\000t\000o\000\040\000S\000u\000p\000e\000r\000v\000i\000s\000o\000r}{section.12.2}% 88
\BOOKMARK [0][-]{chapter.13}{\376\377\000T\000r\000o\000u\000b\000l\000e\000s\000h\000o\000o\000t\000i\000n\000g}{}% 89
\BOOKMARK [1][-]{section.13.1}{\376\377\000C\000o\000m\000m\000o\000n\000\040\000I\000s\000s\000u\000e\000s}{chapter.13}% 90
\BOOKMARK [1][-]{section.13.2}{\376\377\000S\000e\000r\000i\000a\000l\000\040\000P\000o\000r\000t\000\040\000D\000e\000b\000u\000g\000g\000i\000n\000g}{chapter.13}% 91
\BOOKMARK [1][-]{section.13.3}{\376\377\000R\000O\000S\000\040\0002\000\040\000D\000e\000b\000u\000g\000g\000i\000n\000g}{chapter.13}% 92
\BOOKMARK [1][-]{section.13.4}{\376\377\000D\000o\000c\000k\000e\000r\000\040\000D\000e\000b\000u\000g\000g\000i\000n\000g}{chapter.13}% 93
\BOOKMARK [1][-]{section.13.5}{\376\377\000L\000o\000g\000\040\000F\000i\000l\000e\000\040\000L\000o\000c\000a\000t\000i\000o\000n\000s}{chapter.13}% 94
\BOOKMARK [0][-]{chapter.14}{\376\377\000A\000P\000I\000\040\000R\000e\000f\000e\000r\000e\000n\000c\000e}{}% 95
\BOOKMARK [1][-]{section.14.1}{\376\377\000A\000r\000d\000u\000i\000n\000o\000B\000r\000i\000d\000g\000e\000B\000a\000s\000e}{chapter.14}% 96
\BOOKMARK [1][-]{section.14.2}{\376\377\000M\000o\000t\000o\000r\000P\000u\000b\000l\000i\000s\000h\000e\000r}{chapter.14}% 97
\BOOKMARK [1][-]{section.14.3}{\376\377\000T\000w\000i\000s\000t\000P\000u\000b\000l\000i\000s\000h\000e\000r}{chapter.14}% 98
\BOOKMARK [0][-]{appendix.A}{\376\377\000E\000n\000v\000i\000r\000o\000n\000m\000e\000n\000t\000\040\000V\000a\000r\000i\000a\000b\000l\000e\000s}{}% 99
\BOOKMARK [0][-]{appendix.B}{\376\377\000Q\000u\000i\000c\000k\000\040\000C\000o\000m\000m\000a\000n\000d\000\040\000R\000e\000f\000e\000r\000e\000n\000c\000e}{}% 100
\BOOKMARK [0][-]{appendix.C}{\376\377\000N\000e\000t\000w\000o\000r\000k\000\040\000P\000o\000r\000t\000s}{}% 101
\BOOKMARK [0][-]{appendix*.22}{\376\377\000D\000o\000c\000u\000m\000e\000n\000t\000\040\000I\000n\000f\000o\000r\000m\000a\000t\000i\000o\000n}{}% 102
